C51 COMPILER V7.50   KEY                                                                   01/04/2014 18:23:29 PAGE 1   


C51 COMPILER V7.50, COMPILATION OF MODULE KEY
OBJECT MODULE PLACED IN KEY.OBJ
COMPILER INVOKED BY: D:\Keil\C51\BIN\C51.EXE KEY.C BROWSE DEBUG OBJECTEXTEND

line level    source

   1          #include <reg52.h>
   2          #include <absacc.h>
   3          #include <intrins.h>
   4          #include <stdio.h>
   5          #define uchar           unsigned char
   6          #define uint            unsigned short int
   7          #define ulong           unsigned long int
   8          
   9          /******************************************************************************
  10          片选地址说明
  11          ******************************************************************************/
  12          #define CS0             XBYTE[0xf8ff]
  13          #define CS1             XBYTE[0xf9ff]
  14          #define CS2             XBYTE[0xfaff]
  15          #define CS3             XBYTE[0xfbff]
  16          #define CS4             XBYTE[0xfcff]
  17          #define CS5             XBYTE[0xfdff]
  18          #define CS6             XBYTE[0xfeff]
  19          #define CS7             XBYTE[0xffff]
  20          #define CS_KEY          CS0
  21          #define CS_LED_SEG      CS2
  22          #define CS_LED_SEL      CS3
  23          #define CS_LED          P1
  24          
  25          uchar code str_num[10]={0x3f,0x06,0x5b,0x4f,0x66,0x6d,0x7c,0x07,0x7f,0x67};
  26          uchar idata key_h,key_l;
  27          
  28          uchar Get_Key() ;               //返回键值--键值说明见程序未
  29          void delay_ms(uint dl)
  30          {
  31   1              uint cnt,i;
  32   1              for(cnt=0;cnt<dl;cnt++){
  33   2                      for(i=0;i<125;i++);
  34   2              }
  35   1      }
  36          
  37          void timer1(void) interrupt 3 
  38          {
  39   1              TR1=0;
  40   1              CS_LED_SEL=0XFD;
  41   1              CS_LED_SEG=str_num[key_h];
  42   1              delay_ms(5);
  43   1              CS_LED_SEL=0XFE;
  44   1              CS_LED_SEG=str_num[key_l];
  45   1              delay_ms(5);
  46   1              TH1=252;//(0XFFFF-1000)/256
  47   1              TL1=24; //(0XFFFF-1000)%256
  48   1              TR1=1;
  49   1      }
  50          
  51          void main()
  52          {
  53   1              uchar idata keyval;
  54   1      
  55   1              CS_LED_SEL=0X00;
C51 COMPILER V7.50   KEY                                                                   01/04/2014 18:23:29 PAGE 2   

  56   1              CS_LED_SEG=0XFF;
  57   1              delay_ms(500);
  58   1              CS_LED_SEL=0X00;
  59   1              CS_LED_SEG=0X00;
  60   1          key_h=0;
  61   1          key_l=0;
  62   1          TMOD=0X10;
  63   1              TH1=252;
  64   1              TL1=24;
  65   1              ET1=1;
  66   1              EA=1;
  67   1              TR1=1;//启动定时器动态刷新led显示
  68   1              while(1){
  69   2                      keyval=Get_Key();
  70   2                      if(keyval!=31){
  71   3                              key_h=keyval/10;
  72   3                              key_l=keyval%10;
  73   3                      }
  74   2                      else {
  75   3                              _nop_();
  76   3                              _nop_();
  77   3                      }
  78   2              }
  79   1      }
  80          uchar Get_Key()                 //返回键值--键值说明见程序未
  81          {
  82   1              bit a=1;
  83   1          uchar   idata key_num;
  84   1              uchar   idata key_orign=0xff;
  85   1              uchar   idata key_row,key_clumn;
  86   1              CS_KEY = 0x00;          //行置低
  87   1              while(a)        //判断是否有按键按下
  88   1              {
  89   2                      key_orign = CS_KEY;
  90   2                      key_orign &=0x0f;
  91   2                      if(key_orign != 0x0f)
  92   2                      {
  93   3                              delay_ms(20);
  94   3                              if(key_orign == (CS_KEY&0X0F))
  95   3                              a=0;
  96   3                      }
  97   2              }
  98   1              if((~key_orign)&0x0f)           //4*4键盘有键按下--判断键值;
  99   1              {
 100   2                      key_row = (~key_orign)&0x0f;    //记录列值
 101   2                      for(key_clumn=0;key_clumn<4;key_clumn++)
 102   2                      {
 103   3                              CS_KEY=_crol_(0xfe,key_clumn);
 104   3                              if((CS_KEY&0x0f)==key_orign)
 105   3                                      break;
 106   3                      }
 107   2                      switch((key_row)|(key_clumn<<4))
 108   2                      {
 109   3                              case 0x01:key_num=1;break;
 110   3                              case 0x02:key_num=2;break;
 111   3                              case 0x04:key_num=3;break;
 112   3                              case 0x08:key_num=4;break;
 113   3                              case 0x11:key_num=5;break;
 114   3                              case 0x12:key_num=6;break;
 115   3                              case 0x14:key_num=7;break;
 116   3                              case 0x18:key_num=8;break;
 117   3                              case 0x21:key_num=9;break;
C51 COMPILER V7.50   KEY                                                                   01/04/2014 18:23:29 PAGE 3   

 118   3                              case 0x22:key_num=10;break;
 119   3                              case 0x24:key_num=11;break;
 120   3                              case 0x28:key_num=12;break;
 121   3                              case 0x31:key_num=13;break;
 122   3                              case 0x32:key_num=14;break;
 123   3                              case 0x34:key_num=15;break;
 124   3                              case 0x38:key_num=16;break;
 125   3                              default:key_num=31;break;
 126   3                      }
 127   2              }
 128   1              CS_KEY=0x00;
 129   1              while((~CS_KEY)&0x0f);
 130   1              delay_ms(20);
 131   1              while((~CS_KEY)&0x0f);
 132   1              return key_num;
 133   1      }


MODULE INFORMATION:   STATIC OVERLAYABLE
   CODE SIZE        =    513    ----
   CONSTANT SIZE    =     10    ----
   XDATA SIZE       =   ----    ----
   PDATA SIZE       =   ----    ----
   DATA SIZE        =   ----    ----
   IDATA SIZE       =      2       5
   BIT SIZE         =   ----       1
END OF MODULE INFORMATION.


C51 COMPILATION COMPLETE.  0 WARNING(S),  0 ERROR(S)
