C51 COMPILER V7.50   MAIN                                                                  01/04/2014 17:13:09 PAGE 1   


C51 COMPILER V7.50, COMPILATION OF MODULE MAIN
OBJECT MODULE PLACED IN main.OBJ
COMPILER INVOKED BY: D:\Keil\C51\BIN\C51.EXE main.c BROWSE DEBUG OBJECTEXTEND

line level    source

   1          #include<reg52.h>
   2          #include <absacc.h>
   3          #define RAM   XBYTE[0x0000] 
   4          #define CS0             XBYTE[0xf8ff]//74HC245
   5          #define CS1             XBYTE[0xf9ff]//74HC245
   6          #define CS2             XBYTE[0xfaff]//74HC573
   7          #define CS3             XBYTE[0xfbff]//74HC573
   8          #define CS4             XBYTE[0xfcff]//ADC0809
   9          #define CS5             XBYTE[0xfdff]//ADC0832
  10          #define CS6             XBYTE[0xfeff]
  11          #define CS7             XBYTE[0xffff]
  12          #define CS_ADC0809      CS4
  13          #define CS_DAC0832      CS5
  14          #define uchar           unsigned char
  15          #define uint            unsigned  int
  16          
  17          uchar xdata *pl=&RAM;
  18          uchar ADDR=0;
  19          sbit EOC=P1^0;
  20          sbit E=P1^3;
  21          sbit F=P1^4;
  22          sbit G=P1^5;
  23          ///////////////////////////////////////////////////////
  24          void delay(uint i)
  25          {
  26   1       while(i--);
  27   1      }
  28          
  29          ///////////////////////////////////////////////////////
  30          void main()
  31          {
  32   1              EA=1;
  33   1              EX1=1;
  34   1              IT1=1;
  35   1              ET0=1;//timer0
  36   1              TMOD=0X02;
  37   1              TH0=0X83;
  38   1              TL0=0X83;
  39   1              EOC=0;
  40   1              while(1);
  41   1      }
  42          ///////////////////////////////////////////////////////                         
  43          void inter1() interrupt 2//key1 to AD
  44          {
  45   1              E=0;
  46   1          TR0=1;
  47   1          while(ADDR<0XFF)
  48   1          {
  49   2              F=0;
  50   2              }
  51   1      }
  52          void timer0() interrupt 1
  53          {
  54   1              uchar DATA;
  55   1              TH0=0X83;
C51 COMPILER V7.50   MAIN                                                                  01/04/2014 17:13:09 PAGE 2   

  56   1              TL0=0X83;
  57   1              if(ADDR<0XFF)
  58   1              {
  59   2                      DATA=0X00;
  60   2                  CS_ADC0809=0x00;
  61   2              while(EOC!=1);
  62   2                      G=0;
  63   2              delay(8);
  64   2                      DATA=CS_ADC0809;
  65   2                      *(pl+ADDR)=DATA;
  66   2                      ADDR++; 
  67   2              }
  68   1      }
  69          


MODULE INFORMATION:   STATIC OVERLAYABLE
   CODE SIZE        =    139    ----
   CONSTANT SIZE    =   ----    ----
   XDATA SIZE       =   ----    ----
   PDATA SIZE       =   ----    ----
   DATA SIZE        =      3    ----
   IDATA SIZE       =   ----    ----
   BIT SIZE         =   ----    ----
END OF MODULE INFORMATION.


C51 COMPILATION COMPLETE.  0 WARNING(S),  0 ERROR(S)
