C51 COMPILER V7.50   MAIN2                                                                 01/04/2014 20:39:27 PAGE 1   


C51 COMPILER V7.50, COMPILATION OF MODULE MAIN2
OBJECT MODULE PLACED IN main2.OBJ
COMPILER INVOKED BY: D:\Keil\C51\BIN\C51.EXE main2.c BROWSE DEBUG OBJECTEXTEND

line level    source

   1          #include<reg52.h>
   2          #include <absacc.h>
   3          #define RAM       XBYTE[0x0000] 
   4          #define CS0             XBYTE[0xf8ff]//74HC245
   5          #define CS1             XBYTE[0xf9ff]//74HC245
   6          #define CS2             XBYTE[0xfaff]//74HC573
   7          #define CS3             XBYTE[0xfbff]//74HC573
   8          #define CS4             XBYTE[0xfcff]//ADC0809
   9          #define CS5             XBYTE[0xfdff]//ADC0832
  10          #define CS6             XBYTE[0xfeff]
  11          #define CS7             XBYTE[0xffff]
  12          #define CS_ADC0809      CS4
  13          #define CS_DAC0832      CS5
  14          #define uchar           unsigned char
  15          #define uint            unsigned  int
  16          
  17          uint *pl=&RAM;
  18          uint ADDR=0;
  19          sbit EOC=P1^0;
  20          sbit E=P1^3;
  21          sbit F=P1^4;
  22          sbit G=P1^5;
  23          uchar idata DATA;
  24          ///////////////////////////////////////////////////////
  25          void delay(uint i)
  26          {
  27   1       while(i--);
  28   1      }
  29          
  30          ///////////////////////////////////////////////////////
  31          void main()
  32          {
  33   1      
  34   1              TMOD=0X01;
  35   1              TH0=0XFF;
  36   1              TL0=0X83;
  37   1              EA=1;
  38   1              ET0=1;//timer0
  39   1              TR0=1;
  40   1              while(1);
  41   1      }
  42          ///////////////////////////////////////////////////////
  43          void timer0() interrupt 1
  44          {
  45   1               //     TR1=0;
  46   1              if(ADDR<0XFF)
  47   1              {
  48   2                      DATA=0X00;
  49   2                  CS_ADC0809=0x00;
  50   2              delay(2);
  51   2              while(EOC!=1);
  52   2                      G=0;
  53   2              delay(8);
  54   2                      DATA=CS_ADC0809;
  55   2                      *(pl+ADDR)=DATA;
C51 COMPILER V7.50   MAIN2                                                                 01/04/2014 20:39:27 PAGE 2   

  56   2                      ADDR++;                                         
  57   2              }
  58   1                      TH0=0XFF;
  59   1                      TL0=0X83;
  60   1              //      TR1=1;
  61   1      }
  62          


MODULE INFORMATION:   STATIC OVERLAYABLE
   CODE SIZE        =    169    ----
   CONSTANT SIZE    =   ----    ----
   XDATA SIZE       =   ----    ----
   PDATA SIZE       =   ----    ----
   DATA SIZE        =      5    ----
   IDATA SIZE       =      1    ----
   BIT SIZE         =   ----    ----
END OF MODULE INFORMATION.


C51 COMPILATION COMPLETE.  0 WARNING(S),  0 ERROR(S)
